nohup: ignoring input
INFO Watching for file changes with StatReloader
INFO "HEAD /admin/ HTTP/1.1" 302 0
INFO "HEAD /dashboard/ HTTP/1.1" 302 0
INFO "GET /admin/?id=4e164c42-433c-4622-bb17-7bb88b6a1a14&vscodeBrowserReqId=1755690222928 HTTP/1.1" 302 0
INFO "GET /admin/login/?next=/admin/%3Fid%3D4e164c42-433c-4622-bb17-7bb88b6a1a14%26vscodeBrowserReqId%3D1755690222928 HTTP/1.1" 200 4342
INFO /home/mehedi/Projects/zain_hms/zain_hms/settings.py changed, reloading.
Loaded hospital database: hospital_3262662
Loaded hospital database: hospital_2210
Loaded hospital database: hospital_535353
Loaded hospital database: hospital_665
Loaded hospital database: hospital_jhvhbbj
Loaded hospital database: hospital_5461
Loaded hospital database: hospital_wwtwtw
Loaded hospital database: hospital_DEMO001
Loaded hospital database: hospital_rgsgsgsg
Loaded hospital database: hospital_afafaf
Loaded hospital database: hospital_25437676
Performing system checks...

System check identified no issues (0 silenced).
August 20, 2025 - 11:42:40
Django version 4.2.13, using settings 'zain_hms.settings'
Starting development server at http://127.0.0.1:8000/
Quit the server with CONTROL-C.

INFO Watching for file changes with StatReloader
INFO /home/mehedi/Projects/zain_hms/zain_hms/settings.py changed, reloading.
Loaded hospital database: hospital_3262662
Loaded hospital database: hospital_2210
Loaded hospital database: hospital_535353
Loaded hospital database: hospital_665
Loaded hospital database: hospital_jhvhbbj
Loaded hospital database: hospital_5461
Loaded hospital database: hospital_wwtwtw
Loaded hospital database: hospital_DEMO001
Loaded hospital database: hospital_rgsgsgsg
Loaded hospital database: hospital_afafaf
Loaded hospital database: hospital_25437676
Performing system checks...

System check identified no issues (0 silenced).
August 20, 2025 - 11:48:43
Django version 4.2.13, using settings 'zain_hms.settings'
Starting development server at http://127.0.0.1:8000/
Quit the server with CONTROL-C.

INFO Watching for file changes with StatReloader
INFO /home/mehedi/Projects/zain_hms/zain_hms/settings.py changed, reloading.
Loaded hospital database: hospital_3262662
Loaded hospital database: hospital_2210
Loaded hospital database: hospital_535353
Loaded hospital database: hospital_665
Loaded hospital database: hospital_jhvhbbj
Loaded hospital database: hospital_5461
Loaded hospital database: hospital_wwtwtw
Loaded hospital database: hospital_DEMO001
Loaded hospital database: hospital_rgsgsgsg
Loaded hospital database: hospital_afafaf
Loaded hospital database: hospital_25437676
Performing system checks...

System check identified no issues (0 silenced).
August 20, 2025 - 11:49:08
Django version 4.2.13, using settings 'zain_hms.settings'
Starting development server at http://127.0.0.1:8000/
Quit the server with CONTROL-C.

INFO Watching for file changes with StatReloader
INFO /home/mehedi/Projects/zain_hms/zain_hms/settings.py changed, reloading.
Loaded hospital database: hospital_3262662
Loaded hospital database: hospital_2210
Loaded hospital database: hospital_535353
Loaded hospital database: hospital_665
Loaded hospital database: hospital_jhvhbbj
Loaded hospital database: hospital_5461
Loaded hospital database: hospital_wwtwtw
Loaded hospital database: hospital_DEMO001
Loaded hospital database: hospital_rgsgsgsg
Loaded hospital database: hospital_afafaf
Loaded hospital database: hospital_25437676
Performing system checks...

System check identified no issues (0 silenced).
August 20, 2025 - 11:49:15
Django version 4.2.13, using settings 'zain_hms.settings'
Starting development server at http://127.0.0.1:8000/
Quit the server with CONTROL-C.

INFO Watching for file changes with StatReloader
INFO /home/mehedi/Projects/zain_hms/zain_hms/settings.py changed, reloading.
Loaded hospital database: hospital_3262662
Loaded hospital database: hospital_2210
Loaded hospital database: hospital_535353
Loaded hospital database: hospital_665
Loaded hospital database: hospital_jhvhbbj
Loaded hospital database: hospital_5461
Loaded hospital database: hospital_wwtwtw
Loaded hospital database: hospital_DEMO001
Loaded hospital database: hospital_rgsgsgsg
Loaded hospital database: hospital_afafaf
Loaded hospital database: hospital_25437676
Performing system checks...

System check identified no issues (0 silenced).
August 20, 2025 - 12:00:12
Django version 4.2.13, using settings 'zain_hms.settings'
Starting development server at http://127.0.0.1:8000/
Quit the server with CONTROL-C.

INFO Watching for file changes with StatReloader
INFO /home/mehedi/Projects/zain_hms/zain_hms/settings.py changed, reloading.
Loaded hospital database: hospital_3262662
Loaded hospital database: hospital_2210
Loaded hospital database: hospital_535353
Loaded hospital database: hospital_665
Loaded hospital database: hospital_jhvhbbj
Loaded hospital database: hospital_5461
Loaded hospital database: hospital_wwtwtw
Loaded hospital database: hospital_DEMO001
Loaded hospital database: hospital_rgsgsgsg
Loaded hospital database: hospital_afafaf
Loaded hospital database: hospital_25437676
Performing system checks...

System check identified no issues (0 silenced).
August 20, 2025 - 12:00:44
Django version 4.2.13, using settings 'zain_hms.settings'
Starting development server at http://127.0.0.1:8000/
Quit the server with CONTROL-C.

INFO Watching for file changes with StatReloader
INFO /home/mehedi/Projects/zain_hms/zain_hms/settings.py changed, reloading.
Loaded hospital database: hospital_3262662
Loaded hospital database: hospital_2210
Loaded hospital database: hospital_535353
Loaded hospital database: hospital_665
Loaded hospital database: hospital_jhvhbbj
Loaded hospital database: hospital_5461
Loaded hospital database: hospital_wwtwtw
Loaded hospital database: hospital_DEMO001
Loaded hospital database: hospital_rgsgsgsg
Loaded hospital database: hospital_afafaf
Loaded hospital database: hospital_25437676
Performing system checks...

System check identified no issues (0 silenced).
August 20, 2025 - 12:03:30
Django version 4.2.13, using settings 'zain_hms.settings'
Starting development server at http://127.0.0.1:8000/
Quit the server with CONTROL-C.

INFO Watching for file changes with StatReloader
INFO /home/mehedi/Projects/zain_hms/zain_hms/settings.py changed, reloading.
Loaded hospital database: hospital_3262662
Loaded hospital database: hospital_2210
Loaded hospital database: hospital_535353
Loaded hospital database: hospital_665
Loaded hospital database: hospital_jhvhbbj
Loaded hospital database: hospital_5461
Loaded hospital database: hospital_wwtwtw
Loaded hospital database: hospital_DEMO001
Loaded hospital database: hospital_rgsgsgsg
Loaded hospital database: hospital_afafaf
Loaded hospital database: hospital_25437676
Performing system checks...

System check identified no issues (0 silenced).
August 20, 2025 - 12:11:09
Django version 4.2.13, using settings 'zain_hms.settings'
Starting development server at http://127.0.0.1:8000/
Quit the server with CONTROL-C.

INFO Watching for file changes with StatReloader
INFO /home/mehedi/Projects/zain_hms/apps/core/db_router.py changed, reloading.
Loaded hospital database: hospital_3262662
Loaded hospital database: hospital_2210
Loaded hospital database: hospital_535353
Loaded hospital database: hospital_665
Loaded hospital database: hospital_jhvhbbj
Loaded hospital database: hospital_5461
Loaded hospital database: hospital_wwtwtw
Loaded hospital database: hospital_DEMO001
Loaded hospital database: hospital_rgsgsgsg
Loaded hospital database: hospital_afafaf
Loaded hospital database: hospital_25437676
Performing system checks...

System check identified no issues (0 silenced).
August 20, 2025 - 12:11:35
Django version 4.2.13, using settings 'zain_hms.settings'
Starting development server at http://127.0.0.1:8000/
Quit the server with CONTROL-C.

INFO Watching for file changes with StatReloader
INFO /home/mehedi/Projects/zain_hms/apps/core/db_router.py changed, reloading.
Loaded hospital database: hospital_3262662
Loaded hospital database: hospital_2210
Loaded hospital database: hospital_535353
Loaded hospital database: hospital_665
Loaded hospital database: hospital_jhvhbbj
Loaded hospital database: hospital_5461
Loaded hospital database: hospital_wwtwtw
Loaded hospital database: hospital_DEMO001
Loaded hospital database: hospital_rgsgsgsg
Loaded hospital database: hospital_afafaf
Loaded hospital database: hospital_25437676
Performing system checks...

System check identified no issues (0 silenced).
August 20, 2025 - 12:24:46
Django version 4.2.13, using settings 'zain_hms.settings'
Starting development server at http://127.0.0.1:8000/
Quit the server with CONTROL-C.

INFO Watching for file changes with StatReloader
Exception in thread django-main-thread:
Traceback (most recent call last):
  File "/usr/lib/python3.12/threading.py", line 1073, in _bootstrap_inner
    self.run()
  File "/usr/lib/python3.12/threading.py", line 1010, in run
    self._target(*self._args, **self._kwargs)
  File "/home/mehedi/Projects/zain_hms/venv/lib/python3.12/site-packages/django/utils/autoreload.py", line 64, in wrapper
    fn(*args, **kwargs)
  File "/home/mehedi/Projects/zain_hms/venv/lib/python3.12/site-packages/django/core/management/commands/runserver.py", line 133, in inner_run
    self.check(display_num_errors=True)
  File "/home/mehedi/Projects/zain_hms/venv/lib/python3.12/site-packages/django/core/management/base.py", line 485, in check
    all_issues = checks.run_checks(
                 ^^^^^^^^^^^^^^^^^^
  File "/home/mehedi/Projects/zain_hms/venv/lib/python3.12/site-packages/django/core/checks/registry.py", line 88, in run_checks
    new_errors = check(app_configs=app_configs, databases=databases)
                 ^^^^^^^^^^^^^^^^^^^^^^^^^^^^^^^^^^^^^^^^^^^^^^^^^^^
  File "/home/mehedi/Projects/zain_hms/venv/lib/python3.12/site-packages/django/contrib/admin/checks.py", line 147, in check_dependencies
    if not _contains_subclass(
           ^^^^^^^^^^^^^^^^^^^
  File "/home/mehedi/Projects/zain_hms/venv/lib/python3.12/site-packages/django/contrib/admin/checks.py", line 37, in _contains_subclass
    candidate_cls = import_string(path)
                    ^^^^^^^^^^^^^^^^^^^
  File "/home/mehedi/Projects/zain_hms/venv/lib/python3.12/site-packages/django/utils/module_loading.py", line 30, in import_string
    return cached_import(module_path, class_name)
           ^^^^^^^^^^^^^^^^^^^^^^^^^^^^^^^^^^^^^^
  File "/home/mehedi/Projects/zain_hms/venv/lib/python3.12/site-packages/django/utils/module_loading.py", line 15, in cached_import
    module = import_module(module_path)
             ^^^^^^^^^^^^^^^^^^^^^^^^^^
  File "/usr/lib/python3.12/importlib/__init__.py", line 90, in import_module
    return _bootstrap._gcd_import(name[level:], package, level)
           ^^^^^^^^^^^^^^^^^^^^^^^^^^^^^^^^^^^^^^^^^^^^^^^^^^^^
  File "<frozen importlib._bootstrap>", line 1387, in _gcd_import
  File "<frozen importlib._bootstrap>", line 1360, in _find_and_load
  File "<frozen importlib._bootstrap>", line 1331, in _find_and_load_unlocked
  File "<frozen importlib._bootstrap>", line 935, in _load_unlocked
  File "<frozen importlib._bootstrap_external>", line 991, in exec_module
  File "<frozen importlib._bootstrap_external>", line 1129, in get_code
  File "<frozen importlib._bootstrap_external>", line 1059, in source_to_code
  File "<frozen importlib._bootstrap>", line 488, in _call_with_frames_removed
  File "/home/mehedi/Projects/zain_hms/apps/core/db_router.py", line 140
    return db == 'default'
    ^^^^^^^^^^^^^^^^^^^^^^
SyntaxError: 'return' outside function
INFO /home/mehedi/Projects/zain_hms/apps/core/db_router.py changed, reloading.
Warning: Could not load hospital databases: 'return' outside function (db_router.py, line 140)
Performing system checks...

INFO Watching for file changes with StatReloader
INFO /home/mehedi/Projects/zain_hms/zain_hms/settings.py changed, reloading.
Loaded hospital database: hospital_3262662
Loaded hospital database: hospital_2210
Loaded hospital database: hospital_535353
Loaded hospital database: hospital_665
Loaded hospital database: hospital_jhvhbbj
Loaded hospital database: hospital_5461
Loaded hospital database: hospital_wwtwtw
Loaded hospital database: hospital_DEMO001
Loaded hospital database: hospital_rgsgsgsg
Loaded hospital database: hospital_afafaf
Loaded hospital database: hospital_25437676
Performing system checks...

System check identified no issues (0 silenced).
August 20, 2025 - 12:26:30
Django version 4.2.13, using settings 'zain_hms.settings'
Starting development server at http://127.0.0.1:8000/
Quit the server with CONTROL-C.

INFO Watching for file changes with StatReloader
INFO /home/mehedi/Projects/zain_hms/apps/core/db_router.py changed, reloading.
Loaded hospital database: hospital_3262662
Loaded hospital database: hospital_2210
Loaded hospital database: hospital_535353
Loaded hospital database: hospital_665
Loaded hospital database: hospital_jhvhbbj
Loaded hospital database: hospital_5461
Loaded hospital database: hospital_wwtwtw
Loaded hospital database: hospital_DEMO001
Loaded hospital database: hospital_rgsgsgsg
Loaded hospital database: hospital_afafaf
Loaded hospital database: hospital_25437676
Performing system checks...

System check identified no issues (0 silenced).
August 20, 2025 - 12:26:51
Django version 4.2.13, using settings 'zain_hms.settings'
Starting development server at http://127.0.0.1:8000/
Quit the server with CONTROL-C.

INFO Watching for file changes with StatReloader
Loaded hospital database: hospital_3262662
Loaded hospital database: hospital_2210
Loaded hospital database: hospital_535353
Loaded hospital database: hospital_665
Loaded hospital database: hospital_jhvhbbj
Loaded hospital database: hospital_5461
Loaded hospital database: hospital_wwtwtw
Loaded hospital database: hospital_DEMO001
Loaded hospital database: hospital_rgsgsgsg
Loaded hospital database: hospital_afafaf
Loaded hospital database: hospital_25437676
